2024-11-19 16:58:49.694 [info] [main] Log level: Info
2024-11-19 16:58:49.694 [info] [main] Validating found git in: "git"
2024-11-19 16:58:49.694 [info] [main] Using git "2.43.0" from "git"
2024-11-19 16:58:49.694 [info] [Model][doInitialScan] Initial repository scan started
2024-11-19 16:58:49.694 [info] > git rev-parse --show-toplevel [7ms]
2024-11-19 16:58:49.695 [info] > git rev-parse --git-dir --git-common-dir [3ms]
2024-11-19 16:58:49.717 [info] [Model][openRepository] Opened repository: /home/whood/Documents/GitHub/Laravel
2024-11-19 16:58:49.739 [info] > git config --get commit.template [7ms]
2024-11-19 16:58:49.776 [info] > git for-each-ref --format=%(refname)%00%(upstream:short)%00%(objectname)%00%(upstream:track)%00%(upstream:remotename)%00%(upstream:remoteref) refs/heads/master refs/remotes/master [22ms]
2024-11-19 16:58:49.797 [warning] [Git][revParse] Unable to read file: ENOENT: no such file or directory, open '/home/whood/Documents/GitHub/Laravel/.git/refs/remotes/origin/master'
2024-11-19 16:58:49.800 [info] > git rev-parse refs/remotes/origin/master [4ms]
2024-11-19 16:58:49.823 [info] > git for-each-ref --sort -committerdate --format %(refname) %(objectname) %(*objectname) [3ms]
2024-11-19 16:58:49.826 [info] > git status -z -uall [17ms]
2024-11-19 16:58:49.884 [info] > git for-each-ref --format=%(refname)%00%(upstream:short)%00%(objectname)%00%(upstream:track)%00%(upstream:remotename)%00%(upstream:remoteref) refs/heads/master refs/remotes/master [23ms]
2024-11-19 16:58:49.913 [info] > git config --local branch.master.vscode-merge-base [15ms]
2024-11-19 16:58:49.913 [warning] [Git][config] git config failed: Failed to execute git
2024-11-19 16:58:49.922 [info] > git config --get commit.template [44ms]
2024-11-19 16:58:49.922 [info] > git rev-parse --show-toplevel [11ms]
2024-11-19 16:58:49.996 [info] > git reflog master --grep-reflog=branch: Created from *. [75ms]
2024-11-19 16:58:50.092 [info] > git symbolic-ref --short refs/remotes/origin/HEAD [87ms]
2024-11-19 16:58:50.099 [info] > git rev-parse --show-toplevel [104ms]
2024-11-19 16:58:50.100 [info] > git for-each-ref --format=%(refname)%00%(upstream:short)%00%(objectname)%00%(upstream:track)%00%(upstream:remotename)%00%(upstream:remoteref) refs/heads/master refs/remotes/master [111ms]
2024-11-19 16:58:50.115 [warning] [Git][revParse] Unable to read file: ENOENT: no such file or directory, open '/home/whood/Documents/GitHub/Laravel/.git/refs/remotes/origin/master'
2024-11-19 16:58:50.115 [info] > git for-each-ref --format=%(refname)%00%(upstream:short)%00%(objectname)%00%(upstream:track)%00%(upstream:remotename)%00%(upstream:remoteref) refs/heads/origin/master refs/remotes/origin/master [16ms]
2024-11-19 16:58:50.123 [info] > git rev-parse refs/remotes/origin/master [8ms]
2024-11-19 16:58:50.139 [info] > git rev-parse --show-toplevel [31ms]
2024-11-19 16:58:50.150 [info] > git status -z -uall [20ms]
2024-11-19 16:58:50.153 [info] > git config --local branch.master.vscode-merge-base origin/master [31ms]
2024-11-19 16:58:50.154 [info] > git for-each-ref --sort -committerdate --format %(refname) %(objectname) %(*objectname) [15ms] (cancelled)
2024-11-19 16:58:50.175 [info] > git for-each-ref --format=%(refname)%00%(upstream:short)%00%(objectname)%00%(upstream:track)%00%(upstream:remotename)%00%(upstream:remoteref) refs/heads/master refs/remotes/master [12ms]
2024-11-19 16:58:50.184 [info] > git rev-parse --show-toplevel [35ms]
2024-11-19 16:58:50.193 [info] > git config --get commit.template [20ms]
2024-11-19 16:58:50.194 [info] > git config --local branch.master.vscode-merge-base [11ms]
2024-11-19 16:58:50.209 [info] > git rev-parse --show-toplevel [17ms]
2024-11-19 16:58:50.217 [info] > git for-each-ref --format=%(refname)%00%(upstream:short)%00%(objectname)%00%(upstream:track)%00%(upstream:remotename)%00%(upstream:remoteref) refs/heads/origin/master refs/remotes/origin/master [16ms]
2024-11-19 16:58:50.228 [info] > git rev-parse --show-toplevel [11ms]
2024-11-19 16:58:50.229 [info] > git for-each-ref --format=%(refname)%00%(upstream:short)%00%(objectname)%00%(upstream:track)%00%(upstream:remotename)%00%(upstream:remoteref) refs/heads/master refs/remotes/master [20ms]
2024-11-19 16:58:50.243 [warning] [Git][revParse] Unable to read file: ENOENT: no such file or directory, open '/home/whood/Documents/GitHub/Laravel/.git/refs/remotes/origin/master'
2024-11-19 16:58:50.243 [info] > git merge-base refs/heads/master refs/remotes/origin/master [17ms]
2024-11-19 16:58:50.263 [info] > git check-ignore -v -z --stdin [2ms]
2024-11-19 16:58:50.264 [info] > git diff --name-status -z --diff-filter=ADMR 539aeee69b988493eb39c62c00c408ef2765987f...refs/remotes/origin/master [12ms]
2024-11-19 16:58:50.265 [info] > git rev-parse refs/remotes/origin/master [22ms]
2024-11-19 16:58:50.280 [info] > git rev-parse --show-toplevel [43ms]
2024-11-19 16:58:50.289 [info] > git status -z -uall [17ms]
2024-11-19 16:58:50.289 [info] > git for-each-ref --sort -committerdate --format %(refname) %(objectname) %(*objectname) [10ms]
2024-11-19 16:58:50.300 [info] > git rev-parse --show-toplevel [13ms]
2024-11-19 16:58:50.314 [info] > git rev-parse --show-toplevel [4ms]
2024-11-19 16:58:50.324 [info] > git rev-parse --show-toplevel [2ms]
2024-11-19 16:58:50.333 [info] > git rev-parse --show-toplevel [2ms]
2024-11-19 16:58:50.342 [info] > git rev-parse --show-toplevel [2ms]
2024-11-19 16:58:50.351 [info] > git rev-parse --show-toplevel [3ms]
2024-11-19 16:58:50.359 [info] > git rev-parse --show-toplevel [2ms]
2024-11-19 16:58:50.367 [info] > git rev-parse --show-toplevel [2ms]
2024-11-19 16:58:50.376 [info] > git rev-parse --show-toplevel [2ms]
2024-11-19 16:58:50.385 [info] > git rev-parse --show-toplevel [1ms]
2024-11-19 16:58:50.447 [info] > git rev-parse --show-toplevel [55ms]
2024-11-19 16:58:50.457 [info] > git rev-parse --show-toplevel [2ms]
2024-11-19 16:58:50.467 [info] > git rev-parse --show-toplevel [2ms]
2024-11-19 16:58:50.472 [info] [Model][doInitialScan] Initial repository scan completed - repositories (1), closed repositories (0), parent repositories (0), unsafe repositories (0)
2024-11-19 16:58:53.135 [info] > git config --get commit.template [9ms]
2024-11-19 16:58:53.137 [info] > git for-each-ref --format=%(refname)%00%(upstream:short)%00%(objectname)%00%(upstream:track)%00%(upstream:remotename)%00%(upstream:remoteref) refs/heads/master refs/remotes/master [3ms]
2024-11-19 16:58:53.144 [warning] [Git][revParse] Unable to read file: ENOENT: no such file or directory, open '/home/whood/Documents/GitHub/Laravel/.git/refs/remotes/origin/master'
2024-11-19 16:58:53.146 [info] > git rev-parse refs/remotes/origin/master [2ms]
2024-11-19 16:58:53.163 [info] > git status -z -uall [10ms]
2024-11-19 16:58:53.163 [info] > git for-each-ref --sort -committerdate --format %(refname) %(objectname) %(*objectname) [3ms]
2024-11-19 16:58:54.176 [info] > git check-ignore -v -z --stdin [2ms]
2024-11-19 16:58:56.024 [info] > git check-ignore -v -z --stdin [2ms]
2024-11-19 16:58:57.916 [info] > git check-ignore -v -z --stdin [2ms]
2024-11-19 16:58:58.196 [info] > git config --get commit.template [10ms]
2024-11-19 16:58:58.198 [info] > git for-each-ref --format=%(refname)%00%(upstream:short)%00%(objectname)%00%(upstream:track)%00%(upstream:remotename)%00%(upstream:remoteref) refs/heads/master refs/remotes/master [3ms]
2024-11-19 16:58:58.206 [warning] [Git][revParse] Unable to read file: ENOENT: no such file or directory, open '/home/whood/Documents/GitHub/Laravel/.git/refs/remotes/origin/master'
2024-11-19 16:58:58.208 [info] > git rev-parse refs/remotes/origin/master [2ms]
2024-11-19 16:58:58.225 [info] > git status -z -uall [10ms]
2024-11-19 16:58:58.225 [info] > git for-each-ref --sort -committerdate --format %(refname) %(objectname) %(*objectname) [3ms]
2024-11-19 16:59:02.174 [info] > git check-ignore -v -z --stdin [3ms]
2024-11-19 16:59:03.257 [info] > git config --get commit.template [9ms]
2024-11-19 16:59:03.259 [info] > git for-each-ref --format=%(refname)%00%(upstream:short)%00%(objectname)%00%(upstream:track)%00%(upstream:remotename)%00%(upstream:remoteref) refs/heads/master refs/remotes/master [3ms]
2024-11-19 16:59:03.266 [warning] [Git][revParse] Unable to read file: ENOENT: no such file or directory, open '/home/whood/Documents/GitHub/Laravel/.git/refs/remotes/origin/master'
2024-11-19 16:59:03.268 [info] > git rev-parse refs/remotes/origin/master [2ms]
2024-11-19 16:59:03.284 [info] > git status -z -uall [10ms]
2024-11-19 16:59:03.284 [info] > git for-each-ref --sort -committerdate --format %(refname) %(objectname) %(*objectname) [3ms]
2024-11-19 16:59:08.315 [info] > git config --get commit.template [8ms]
2024-11-19 16:59:08.317 [info] > git for-each-ref --format=%(refname)%00%(upstream:short)%00%(objectname)%00%(upstream:track)%00%(upstream:remotename)%00%(upstream:remoteref) refs/heads/master refs/remotes/master [3ms]
2024-11-19 16:59:08.324 [warning] [Git][revParse] Unable to read file: ENOENT: no such file or directory, open '/home/whood/Documents/GitHub/Laravel/.git/refs/remotes/origin/master'
2024-11-19 16:59:08.326 [info] > git rev-parse refs/remotes/origin/master [2ms]
2024-11-19 16:59:08.342 [info] > git for-each-ref --sort -committerdate --format %(refname) %(objectname) %(*objectname) [2ms]
2024-11-19 16:59:08.344 [info] > git status -z -uall [11ms]
2024-11-19 16:59:13.774 [info] > git check-ignore -v -z --stdin [3ms]
2024-11-19 16:59:14.299 [info] > git config --get commit.template [10ms]
2024-11-19 16:59:14.300 [info] > git for-each-ref --format=%(refname)%00%(upstream:short)%00%(objectname)%00%(upstream:track)%00%(upstream:remotename)%00%(upstream:remoteref) refs/heads/master refs/remotes/master [2ms]
2024-11-19 16:59:14.308 [warning] [Git][revParse] Unable to read file: ENOENT: no such file or directory, open '/home/whood/Documents/GitHub/Laravel/.git/refs/remotes/origin/master'
2024-11-19 16:59:14.310 [info] > git rev-parse refs/remotes/origin/master [2ms]
2024-11-19 16:59:14.326 [info] > git status -z -uall [10ms]
2024-11-19 16:59:14.327 [info] > git for-each-ref --sort -committerdate --format %(refname) %(objectname) %(*objectname) [3ms]
2024-11-19 16:59:15.013 [info] > git check-ignore -v -z --stdin [2ms]
2024-11-19 16:59:16.108 [info] > git show --textconv :volume/app/docker-compose.yml [13ms]
2024-11-19 16:59:16.109 [info] > git ls-files --stage -- /home/whood/Documents/GitHub/Laravel/volume/app/docker-compose.yml [3ms]
2024-11-19 16:59:17.628 [info] > git check-ignore -v -z --stdin [2ms]
2024-11-19 16:59:18.911 [info] > git show --textconv :volume/app/Models/Produit.php [25ms]
2024-11-19 16:59:18.911 [info] > git ls-files --stage -- /home/whood/Documents/GitHub/Laravel/volume/app/Models/Produit.php [4ms]
2024-11-19 16:59:19.372 [info] > git config --get commit.template [17ms]
2024-11-19 16:59:19.374 [info] > git for-each-ref --format=%(refname)%00%(upstream:short)%00%(objectname)%00%(upstream:track)%00%(upstream:remotename)%00%(upstream:remoteref) refs/heads/master refs/remotes/master [3ms]
2024-11-19 16:59:19.389 [warning] [Git][revParse] Unable to read file: ENOENT: no such file or directory, open '/home/whood/Documents/GitHub/Laravel/.git/refs/remotes/origin/master'
2024-11-19 16:59:19.391 [info] > git rev-parse refs/remotes/origin/master [2ms]
2024-11-19 16:59:19.424 [info] > git status -z -uall [18ms]
2024-11-19 16:59:19.427 [info] > git for-each-ref --sort -committerdate --format %(refname) %(objectname) %(*objectname) [5ms]
2024-11-19 16:59:19.859 [info] > git show --textconv :volume/app/Models/User.php [14ms]
2024-11-19 16:59:19.860 [info] > git ls-files --stage -- /home/whood/Documents/GitHub/Laravel/volume/app/Models/User.php [2ms]
2024-11-19 17:22:01.267 [info] > git config --get commit.template [21ms]
2024-11-19 17:22:01.268 [info] > git for-each-ref --format=%(refname)%00%(upstream:short)%00%(objectname)%00%(upstream:track)%00%(upstream:remotename)%00%(upstream:remoteref) refs/heads/master refs/remotes/master [4ms]
2024-11-19 17:22:01.304 [warning] [Git][revParse] Unable to read file: ENOENT: no such file or directory, open '/home/whood/Documents/GitHub/Laravel/.git/refs/remotes/origin/master'
2024-11-19 17:22:01.339 [info] > git rev-parse refs/remotes/origin/master [35ms]
2024-11-19 17:22:01.401 [info] > git status -z -uall [26ms]
2024-11-19 17:22:01.405 [info] > git ls-files --stage -- /home/whood/Documents/GitHub/Laravel/volume/app/Models/User.php [68ms]
2024-11-19 17:22:01.406 [info] > git for-each-ref --sort -committerdate --format %(refname) %(objectname) %(*objectname) [6ms]
2024-11-19 17:22:01.439 [info] > git show --textconv :volume/app/Models/User.php [2ms]
2024-11-19 17:22:29.604 [info] > git config --get commit.template [18ms]
2024-11-19 17:22:29.605 [info] > git for-each-ref --format=%(refname)%00%(upstream:short)%00%(objectname)%00%(upstream:track)%00%(upstream:remotename)%00%(upstream:remoteref) refs/heads/master refs/remotes/master [3ms]
2024-11-19 17:22:29.620 [warning] [Git][revParse] Unable to read file: ENOENT: no such file or directory, open '/home/whood/Documents/GitHub/Laravel/.git/refs/remotes/origin/master'
2024-11-19 17:22:29.622 [info] > git rev-parse refs/remotes/origin/master [2ms]
2024-11-19 17:22:29.656 [info] > git status -z -uall [18ms]
2024-11-19 17:22:29.660 [info] > git for-each-ref --sort -committerdate --format %(refname) %(objectname) %(*objectname) [6ms]
2024-11-19 17:22:34.703 [info] > git config --get commit.template [14ms]
2024-11-19 17:22:34.705 [info] > git for-each-ref --format=%(refname)%00%(upstream:short)%00%(objectname)%00%(upstream:track)%00%(upstream:remotename)%00%(upstream:remoteref) refs/heads/master refs/remotes/master [3ms]
2024-11-19 17:22:34.717 [warning] [Git][revParse] Unable to read file: ENOENT: no such file or directory, open '/home/whood/Documents/GitHub/Laravel/.git/refs/remotes/origin/master'
2024-11-19 17:22:34.719 [info] > git rev-parse refs/remotes/origin/master [2ms]
2024-11-19 17:22:34.743 [info] > git status -z -uall [13ms]
2024-11-19 17:22:34.748 [info] > git for-each-ref --sort -committerdate --format %(refname) %(objectname) %(*objectname) [6ms]
2024-11-19 17:22:36.398 [info] > git show --textconv :volume/app/Models/User.php [14ms]
2024-11-19 17:22:36.399 [info] > git ls-files --stage -- /home/whood/Documents/GitHub/Laravel/volume/app/Models/User.php [2ms]
2024-11-19 17:22:39.810 [info] > git config --get commit.template [25ms]
2024-11-19 17:22:39.812 [info] > git for-each-ref --format=%(refname)%00%(upstream:short)%00%(objectname)%00%(upstream:track)%00%(upstream:remotename)%00%(upstream:remoteref) refs/heads/master refs/remotes/master [5ms]
2024-11-19 17:22:39.831 [warning] [Git][revParse] Unable to read file: ENOENT: no such file or directory, open '/home/whood/Documents/GitHub/Laravel/.git/refs/remotes/origin/master'
2024-11-19 17:22:39.833 [info] > git rev-parse refs/remotes/origin/master [3ms]
2024-11-19 17:22:39.874 [info] > git status -z -uall [21ms]
2024-11-19 17:22:39.883 [info] > git for-each-ref --sort -committerdate --format %(refname) %(objectname) %(*objectname) [11ms]
2024-11-19 17:26:51.337 [info] > git config --get commit.template [14ms]
2024-11-19 17:26:51.338 [info] > git for-each-ref --format=%(refname)%00%(upstream:short)%00%(objectname)%00%(upstream:track)%00%(upstream:remotename)%00%(upstream:remoteref) refs/heads/master refs/remotes/master [1ms]
2024-11-19 17:26:51.349 [warning] [Git][revParse] Unable to read file: ENOENT: no such file or directory, open '/home/whood/Documents/GitHub/Laravel/.git/refs/remotes/origin/master'
2024-11-19 17:26:51.351 [info] > git rev-parse refs/remotes/origin/master [2ms]
2024-11-19 17:26:51.379 [info] > git status -z -uall [15ms]
2024-11-19 17:26:51.384 [info] > git for-each-ref --sort -committerdate --format %(refname) %(objectname) %(*objectname) [5ms]
2024-11-19 17:40:50.055 [info] > git config --get commit.template [29ms]
2024-11-19 17:40:50.059 [info] > git for-each-ref --format=%(refname)%00%(upstream:short)%00%(objectname)%00%(upstream:track)%00%(upstream:remotename)%00%(upstream:remoteref) refs/heads/master refs/remotes/master [6ms]
2024-11-19 17:40:50.082 [warning] [Git][revParse] Unable to read file: ENOENT: no such file or directory, open '/home/whood/Documents/GitHub/Laravel/.git/refs/remotes/origin/master'
2024-11-19 17:40:50.086 [info] > git rev-parse refs/remotes/origin/master [4ms]
2024-11-19 17:40:50.127 [info] > git status -z -uall [21ms]
2024-11-19 17:40:50.135 [info] > git for-each-ref --sort -committerdate --format %(refname) %(objectname) %(*objectname) [9ms]
2024-11-19 17:41:09.524 [info] > git config --get commit.template [34ms]
2024-11-19 17:41:09.526 [info] > git for-each-ref --format=%(refname)%00%(upstream:short)%00%(objectname)%00%(upstream:track)%00%(upstream:remotename)%00%(upstream:remoteref) refs/heads/master refs/remotes/master [5ms]
2024-11-19 17:41:09.550 [warning] [Git][revParse] Unable to read file: ENOENT: no such file or directory, open '/home/whood/Documents/GitHub/Laravel/.git/refs/remotes/origin/master'
2024-11-19 17:41:09.551 [info] > git rev-parse refs/remotes/origin/master [2ms]
2024-11-19 17:41:09.589 [info] > git status -z -uall [21ms]
2024-11-19 17:41:09.595 [info] > git for-each-ref --sort -committerdate --format %(refname) %(objectname) %(*objectname) [8ms]
2024-11-19 17:41:29.365 [info] > git config --get commit.template [25ms]
2024-11-19 17:41:29.366 [info] > git for-each-ref --format=%(refname)%00%(upstream:short)%00%(objectname)%00%(upstream:track)%00%(upstream:remotename)%00%(upstream:remoteref) refs/heads/master refs/remotes/master [3ms]
2024-11-19 17:41:29.392 [warning] [Git][revParse] Unable to read file: ENOENT: no such file or directory, open '/home/whood/Documents/GitHub/Laravel/.git/refs/remotes/origin/master'
2024-11-19 17:41:29.397 [info] > git rev-parse refs/remotes/origin/master [4ms]
2024-11-19 17:41:29.471 [info] > git status -z -uall [43ms]
2024-11-19 17:41:29.478 [info] > git for-each-ref --sort -committerdate --format %(refname) %(objectname) %(*objectname) [12ms]
2024-11-19 17:56:03.770 [info] > git config --get commit.template [35ms]
2024-11-19 17:56:03.772 [info] > git for-each-ref --format=%(refname)%00%(upstream:short)%00%(objectname)%00%(upstream:track)%00%(upstream:remotename)%00%(upstream:remoteref) refs/heads/master refs/remotes/master [3ms]
2024-11-19 17:56:03.799 [warning] [Git][revParse] Unable to read file: ENOENT: no such file or directory, open '/home/whood/Documents/GitHub/Laravel/.git/refs/remotes/origin/master'
2024-11-19 17:56:03.802 [info] > git rev-parse refs/remotes/origin/master [3ms]
2024-11-19 17:56:03.856 [info] > git status -z -uall [30ms]
2024-11-19 17:56:03.864 [info] > git for-each-ref --sort -committerdate --format %(refname) %(objectname) %(*objectname) [9ms]
2024-11-19 20:34:36.131 [info] > git config --get commit.template [22ms]
2024-11-19 20:34:36.133 [info] > git for-each-ref --format=%(refname)%00%(upstream:short)%00%(objectname)%00%(upstream:track)%00%(upstream:remotename)%00%(upstream:remoteref) refs/heads/master refs/remotes/master [3ms]
2024-11-19 20:34:36.149 [warning] [Git][revParse] Unable to read file: ENOENT: no such file or directory, open '/home/whood/Documents/GitHub/Laravel/.git/refs/remotes/origin/master'
2024-11-19 20:34:36.153 [info] > git rev-parse refs/remotes/origin/master [4ms]
2024-11-19 20:34:36.180 [info] > git status -z -uall [15ms]
2024-11-19 20:34:36.185 [info] > git for-each-ref --sort -committerdate --format %(refname) %(objectname) %(*objectname) [6ms]
2024-11-19 20:34:41.597 [info] > git config --get commit.template [29ms]
2024-11-19 20:34:41.603 [info] > git for-each-ref --format=%(refname)%00%(upstream:short)%00%(objectname)%00%(upstream:track)%00%(upstream:remotename)%00%(upstream:remoteref) refs/heads/master refs/remotes/master [8ms]
2024-11-19 20:34:41.626 [warning] [Git][revParse] Unable to read file: ENOENT: no such file or directory, open '/home/whood/Documents/GitHub/Laravel/.git/refs/remotes/origin/master'
2024-11-19 20:34:41.630 [info] > git rev-parse refs/remotes/origin/master [4ms]
2024-11-19 20:34:41.665 [info] > git status -z -uall [21ms]
2024-11-19 20:34:41.670 [info] > git for-each-ref --sort -committerdate --format %(refname) %(objectname) %(*objectname) [8ms]
